<?xml version="1.0" encoding="UTF-8"?>
<testsuite name="WorkerTest" tests="1" skipped="0" failures="0" errors="0" timestamp="2015-11-11T15:56:02" hostname="alexn" time="1.492">
  <properties/>
  <testcase name="testGetSkillCount" classname="WorkerTest" time="1.492"/>
  <system-out><![CDATA[done
done
]]></system-out>
  <system-err><![CDATA[]]></system-err>
</testsuite>
