<?xml version="1.0" encoding="UTF-8"?>
<testsuite name="com.alexander.syndicatefighter.WorkerTest" tests="1" skipped="0" failures="0" errors="0" timestamp="2015-11-25T23:41:04" hostname="Alexanders-MacBook-Pro.local" time="0.008">
  <properties/>
  <testcase name="testGetPercentageOfHealthRemaining" classname="com.alexander.syndicatefighter.WorkerTest" time="0.008"/>
  <system-out><![CDATA[]]></system-out>
  <system-err><![CDATA[]]></system-err>
</testsuite>
