<?xml version="1.0" encoding="UTF-8"?>
<testsuite name="com.alexander.syndicatefighter.WorkerTest" tests="15" skipped="0" failures="0" errors="0" timestamp="2015-11-25T15:38:14" hostname="alexn" time="0.01">
  <properties/>
  <testcase name="testGetLevel" classname="com.alexander.syndicatefighter.WorkerTest" time="0.003"/>
  <testcase name="testGetMaxHP" classname="com.alexander.syndicatefighter.WorkerTest" time="0.0"/>
  <testcase name="testGetSkill" classname="com.alexander.syndicatefighter.WorkerTest" time="0.001"/>
  <testcase name="testGetSkillCount" classname="com.alexander.syndicatefighter.WorkerTest" time="0.0"/>
  <testcase name="testConstructors" classname="com.alexander.syndicatefighter.WorkerTest" time="0.0"/>
  <testcase name="testAddSkill" classname="com.alexander.syndicatefighter.WorkerTest" time="0.0"/>
  <testcase name="testGetName" classname="com.alexander.syndicatefighter.WorkerTest" time="0.0"/>
  <testcase name="testGetType" classname="com.alexander.syndicatefighter.WorkerTest" time="0.0"/>
  <testcase name="testAdjustXP" classname="com.alexander.syndicatefighter.WorkerTest" time="0.0"/>
  <testcase name="testAdjustHPPositive" classname="com.alexander.syndicatefighter.WorkerTest" time="0.0"/>
  <testcase name="testAdjustHPNegative" classname="com.alexander.syndicatefighter.WorkerTest" time="0.0"/>
  <testcase name="testGetAliveStatus" classname="com.alexander.syndicatefighter.WorkerTest" time="0.001"/>
  <testcase name="testremoveSkill" classname="com.alexander.syndicatefighter.WorkerTest" time="0.0"/>
  <testcase name="testGetCurrentHP" classname="com.alexander.syndicatefighter.WorkerTest" time="0.0"/>
  <testcase name="testGetCurrentXP" classname="com.alexander.syndicatefighter.WorkerTest" time="0.0"/>
  <system-out><![CDATA[]]></system-out>
  <system-err><![CDATA[]]></system-err>
</testsuite>
