<?xml version="1.0" encoding="UTF-8"?>
<testsuite name="WorkerTest" tests="15" skipped="0" failures="0" errors="0" timestamp="2015-11-17T15:03:20" hostname="alexn" time="0.007">
  <properties/>
  <testcase name="testGetLevel" classname="WorkerTest" time="0.003"/>
  <testcase name="testGetMaxHP" classname="WorkerTest" time="0.0"/>
  <testcase name="testGetSkill" classname="WorkerTest" time="0.001"/>
  <testcase name="testGetSkillCount" classname="WorkerTest" time="0.0"/>
  <testcase name="testConstructors" classname="WorkerTest" time="0.0"/>
  <testcase name="testAddSkill" classname="WorkerTest" time="0.001"/>
  <testcase name="testGetName" classname="WorkerTest" time="0.0"/>
  <testcase name="testGetType" classname="WorkerTest" time="0.0"/>
  <testcase name="testAdjustXP" classname="WorkerTest" time="0.0"/>
  <testcase name="testAdjustHPPositive" classname="WorkerTest" time="0.0"/>
  <testcase name="testAdjustHPNegative" classname="WorkerTest" time="0.0"/>
  <testcase name="testGetAliveStatus" classname="WorkerTest" time="0.0"/>
  <testcase name="testremoveSkill" classname="WorkerTest" time="0.0"/>
  <testcase name="testGetCurrentHP" classname="WorkerTest" time="0.0"/>
  <testcase name="testGetCurrentXP" classname="WorkerTest" time="0.0"/>
  <system-out><![CDATA[]]></system-out>
  <system-err><![CDATA[]]></system-err>
</testsuite>
