<?xml version="1.0" encoding="UTF-8"?>
<testsuite name="LitigateSkillTest" tests="6" skipped="0" failures="0" errors="0" timestamp="2015-11-14T23:48:38" hostname="Alexanders-MacBook-Pro.local" time="0.003">
  <properties/>
  <testcase name="testAdjustNRG" classname="LitigateSkillTest" time="0.002"/>
  <testcase name="testGetName" classname="LitigateSkillTest" time="0.0"/>
  <testcase name="testGetCurrentNRG" classname="LitigateSkillTest" time="0.0"/>
  <testcase name="testGetCooldown" classname="LitigateSkillTest" time="0.0"/>
  <testcase name="testAction" classname="LitigateSkillTest" time="0.0"/>
  <testcase name="testGetMaxNRG" classname="LitigateSkillTest" time="0.0"/>
  <system-out><![CDATA[]]></system-out>
  <system-err><![CDATA[]]></system-err>
</testsuite>
